app/build/intermediates/manifest_merge_blame_file/release/processReleaseMainManifest/manifest-merger-blame-release-report.txt
1<?xml version="1.0" encoding="utf-8"?>
2<manifest xmlns:android="http://schemas.android.com/apk/res/android"
3    package="com.tooldynoapps.expenziox"
4    android:versionCode="1"
5    android:versionName="1.0" >
6
7    <uses-sdk
8        android:minSdkVersion="24"
9        android:targetSdkVersion="36" />
10
11    <permission
11-->[androidx.core:core:1.13.0] AndroidManifest.xml:22:5-24:47
12        android:name="com.tooldynoapps.expenziox.DYNAMIC_RECEIVER_NOT_EXPORTED_PERMISSION"
12-->[androidx.core:core:1.13.0] AndroidManifest.xml:23:9-81
13        android:protectionLevel="signature" />
13-->[androidx.core:core:1.13.0] AndroidManifest.xml:24:9-44
14
15    <uses-permission android:name="com.tooldynoapps.expenziox.DYNAMIC_RECEIVER_NOT_EXPORTED_PERMISSION" />
15-->[androidx.core:core:1.13.0] AndroidManifest.xml:26:5-97
15-->[androidx.core:core:1.13.0] AndroidManifest.xml:26:22-94
16
17    <application
17-->src\main\AndroidManifest.xml:4:5-32:19
18        android:allowBackup="true"
18-->src\main\AndroidManifest.xml:5:9-35
19        android:appComponentFactory="androidx.core.app.CoreComponentFactory"
19-->[androidx.core:core:1.13.0] AndroidManifest.xml:28:18-86
20        android:extractNativeLibs="false"
21        android:icon="@mipmap/ic_launcher"
21-->src\main\AndroidManifest.xml:6:9-43
22        android:label="@string/app_name"
22-->src\main\AndroidManifest.xml:8:9-41
23        android:roundIcon="@mipmap/ic_launcher_round"
23-->src\main\AndroidManifest.xml:7:9-54
24        android:supportsRtl="true"
24-->src\main\AndroidManifest.xml:9:9-35
25        android:theme="@style/Theme.ExpenzioX" >
25-->src\main\AndroidManifest.xml:10:9-47
26        <activity
26-->src\main\AndroidManifest.xml:12:9-20:20
27            android:name="com.tooldynoapps.expenziox.activities.SplashActivity"
27-->src\main\AndroidManifest.xml:13:13-54
28            android:exported="true"
28-->src\main\AndroidManifest.xml:14:13-36
29            android:theme="@style/Theme.ExpenzioX.Splash" >
29-->src\main\AndroidManifest.xml:15:13-58
30            <intent-filter>
30-->src\main\AndroidManifest.xml:16:13-19:29
31                <action android:name="android.intent.action.MAIN" />
31-->src\main\AndroidManifest.xml:17:17-69
31-->src\main\AndroidManifest.xml:17:25-66
32
33                <category android:name="android.intent.category.LAUNCHER" />
33-->src\main\AndroidManifest.xml:18:17-77
33-->src\main\AndroidManifest.xml:18:27-74
34            </intent-filter>
35        </activity>
36        <activity
36-->src\main\AndroidManifest.xml:22:9-92
37            android:name="com.tooldynoapps.expenziox.activities.OnboardingActivity"
37-->src\main\AndroidManifest.xml:22:19-64
38            android:exported="false" />
38-->src\main\AndroidManifest.xml:22:65-89
39        <activity
39-->src\main\AndroidManifest.xml:23:9-86
40            android:name="com.tooldynoapps.expenziox.activities.MainActivity"
40-->src\main\AndroidManifest.xml:23:19-58
41            android:exported="false" />
41-->src\main\AndroidManifest.xml:23:59-83
42        <activity
42-->src\main\AndroidManifest.xml:24:9-96
43            android:name="com.tooldynoapps.expenziox.activities.AddTransactionActivity"
43-->src\main\AndroidManifest.xml:24:19-68
44            android:exported="false" />
44-->src\main\AndroidManifest.xml:24:69-93
45        <activity
45-->src\main\AndroidManifest.xml:25:9-91
46            android:name="com.tooldynoapps.expenziox.activities.AnalyticsActivity"
46-->src\main\AndroidManifest.xml:25:19-63
47            android:exported="false" />
47-->src\main\AndroidManifest.xml:25:64-88
48        <activity
48-->src\main\AndroidManifest.xml:26:9-88
49            android:name="com.tooldynoapps.expenziox.activities.BudgetActivity"
49-->src\main\AndroidManifest.xml:26:19-60
50            android:exported="false" />
50-->src\main\AndroidManifest.xml:26:61-85
51        <activity
51-->src\main\AndroidManifest.xml:27:9-87
52            android:name="com.tooldynoapps.expenziox.activities.GoalsActivity"
52-->src\main\AndroidManifest.xml:27:19-59
53            android:exported="false" />
53-->src\main\AndroidManifest.xml:27:60-84
54        <activity
54-->src\main\AndroidManifest.xml:28:9-89
55            android:name="com.tooldynoapps.expenziox.activities.AddGoalActivity"
55-->src\main\AndroidManifest.xml:28:19-61
56            android:exported="false" />
56-->src\main\AndroidManifest.xml:28:62-86
57        <activity
57-->src\main\AndroidManifest.xml:29:9-87
58            android:name="com.tooldynoapps.expenziox.activities.AboutActivity"
58-->src\main\AndroidManifest.xml:29:19-59
59            android:exported="false" />
59-->src\main\AndroidManifest.xml:29:60-84
60        <activity
60-->src\main\AndroidManifest.xml:30:9-95
61            android:name="com.tooldynoapps.expenziox.activities.PrivacyPolicyActivity"
61-->src\main\AndroidManifest.xml:30:19-67
62            android:exported="false" />
62-->src\main\AndroidManifest.xml:30:68-92
63
64        <provider
64-->[androidx.emoji2:emoji2:1.3.0] AndroidManifest.xml:24:9-32:20
65            android:name="androidx.startup.InitializationProvider"
65-->[androidx.emoji2:emoji2:1.3.0] AndroidManifest.xml:25:13-67
66            android:authorities="com.tooldynoapps.expenziox.androidx-startup"
66-->[androidx.emoji2:emoji2:1.3.0] AndroidManifest.xml:26:13-68
67            android:exported="false" >
67-->[androidx.emoji2:emoji2:1.3.0] AndroidManifest.xml:27:13-37
68            <meta-data
68-->[androidx.emoji2:emoji2:1.3.0] AndroidManifest.xml:29:13-31:52
69                android:name="androidx.emoji2.text.EmojiCompatInitializer"
69-->[androidx.emoji2:emoji2:1.3.0] AndroidManifest.xml:30:17-75
70                android:value="androidx.startup" />
70-->[androidx.emoji2:emoji2:1.3.0] AndroidManifest.xml:31:17-49
71            <meta-data
71-->[androidx.lifecycle:lifecycle-process:2.6.2] AndroidManifest.xml:29:13-31:52
72                android:name="androidx.lifecycle.ProcessLifecycleInitializer"
72-->[androidx.lifecycle:lifecycle-process:2.6.2] AndroidManifest.xml:30:17-78
73                android:value="androidx.startup" />
73-->[androidx.lifecycle:lifecycle-process:2.6.2] AndroidManifest.xml:31:17-49
74            <meta-data
74-->[androidx.profileinstaller:profileinstaller:1.4.0] AndroidManifest.xml:29:13-31:52
75                android:name="androidx.profileinstaller.ProfileInstallerInitializer"
75-->[androidx.profileinstaller:profileinstaller:1.4.0] AndroidManifest.xml:30:17-85
76                android:value="androidx.startup" />
76-->[androidx.profileinstaller:profileinstaller:1.4.0] AndroidManifest.xml:31:17-49
77        </provider>
78
79        <receiver
79-->[androidx.profileinstaller:profileinstaller:1.4.0] AndroidManifest.xml:34:9-52:20
80            android:name="androidx.profileinstaller.ProfileInstallReceiver"
80-->[androidx.profileinstaller:profileinstaller:1.4.0] AndroidManifest.xml:35:13-76
81            android:directBootAware="false"
81-->[androidx.profileinstaller:profileinstaller:1.4.0] AndroidManifest.xml:36:13-44
82            android:enabled="true"
82-->[androidx.profileinstaller:profileinstaller:1.4.0] AndroidManifest.xml:37:13-35
83            android:exported="true"
83-->[androidx.profileinstaller:profileinstaller:1.4.0] AndroidManifest.xml:38:13-36
84            android:permission="android.permission.DUMP" >
84-->[androidx.profileinstaller:profileinstaller:1.4.0] AndroidManifest.xml:39:13-57
85            <intent-filter>
85-->[androidx.profileinstaller:profileinstaller:1.4.0] AndroidManifest.xml:40:13-42:29
86                <action android:name="androidx.profileinstaller.action.INSTALL_PROFILE" />
86-->[androidx.profileinstaller:profileinstaller:1.4.0] AndroidManifest.xml:41:17-91
86-->[androidx.profileinstaller:profileinstaller:1.4.0] AndroidManifest.xml:41:25-88
87            </intent-filter>
88            <intent-filter>
88-->[androidx.profileinstaller:profileinstaller:1.4.0] AndroidManifest.xml:43:13-45:29
89                <action android:name="androidx.profileinstaller.action.SKIP_FILE" />
89-->[androidx.profileinstaller:profileinstaller:1.4.0] AndroidManifest.xml:44:17-85
89-->[androidx.profileinstaller:profileinstaller:1.4.0] AndroidManifest.xml:44:25-82
90            </intent-filter>
91            <intent-filter>
91-->[androidx.profileinstaller:profileinstaller:1.4.0] AndroidManifest.xml:46:13-48:29
92                <action android:name="androidx.profileinstaller.action.SAVE_PROFILE" />
92-->[androidx.profileinstaller:profileinstaller:1.4.0] AndroidManifest.xml:47:17-88
92-->[androidx.profileinstaller:profileinstaller:1.4.0] AndroidManifest.xml:47:25-85
93            </intent-filter>
94            <intent-filter>
94-->[androidx.profileinstaller:profileinstaller:1.4.0] AndroidManifest.xml:49:13-51:29
95                <action android:name="androidx.profileinstaller.action.BENCHMARK_OPERATION" />
95-->[androidx.profileinstaller:profileinstaller:1.4.0] AndroidManifest.xml:50:17-95
95-->[androidx.profileinstaller:profileinstaller:1.4.0] AndroidManifest.xml:50:25-92
96            </intent-filter>
97        </receiver>
98    </application>
99
100</manifest>